Build started 11/29/2013 10:13:01 PM.
     1>Project "C:\Workspaces\Images\graph_cut\graph_cut.vcxproj" on node 2 (Build target(s)).
     1>ClCompile:
         C:\Microsoft Visual Studio 11.0\VC\bin\CL.exe /c /ZI /nologo /W3 /WX- /Od /Oy- /D WIN32 /D _DEBUG /D _CONSOLE /D _UNICODE /D UNICODE /Gm /EHsc /RTC1 /MDd /GS /fp:precise /Zc:wchar_t /Zc:forScope /Fo"Debug\\" /Fd"Debug\vc110.pdb" /Gd /TP /analyze- /errorReport:prompt Graph2D.cpp
         Graph2D.cpp
     1>c:\workspaces\images\graph_cut\graph2d.cpp(50): warning C4018: '<=' : signed/unsigned mismatch
     1>c:\workspaces\images\graph_cut\graph2d.cpp(89): warning C4018: '<' : signed/unsigned mismatch
     1>c:\workspaces\images\graph_cut\graph2d.cpp(105): warning C4018: '<' : signed/unsigned mismatch
     1>c:\workspaces\images\graph_cut\graph2d.cpp(124): warning C4018: '<' : signed/unsigned mismatch
     1>c:\workspaces\images\graph_cut\graph2d.cpp(131): warning C4018: '<' : signed/unsigned mismatch
     1>c:\workspaces\images\graph_cut\graph2d.cpp(137): warning C4244: 'argument' : conversion from 'double' to 'int', possible loss of data
     1>c:\workspaces\images\graph_cut\graph2d.cpp(139): warning C4244: 'argument' : conversion from 'double' to 'int', possible loss of data
     1>c:\workspaces\images\graph_cut\graph2d.cpp(62): warning C4101: 'i' : unreferenced local variable
       Link:
         C:\Microsoft Visual Studio 11.0\VC\bin\link.exe /ERRORREPORT:PROMPT /OUT:"C:\Workspaces\Images\graph_cut\Debug\graph_cut.exe" /INCREMENTAL /NOLOGO kernel32.lib user32.lib gdi32.lib winspool.lib comdlg32.lib advapi32.lib shell32.lib ole32.lib oleaut32.lib uuid.lib odbc32.lib odbccp32.lib /MANIFEST /MANIFESTUAC:"level='asInvoker' uiAccess='false'" /manifest:embed /DEBUG /PDB:"C:\Workspaces\Images\graph_cut\Debug\graph_cut.pdb" /SUBSYSTEM:CONSOLE /TLBID:1 /DYNAMICBASE /NXCOMPAT /IMPLIB:"C:\Workspaces\Images\graph_cut\Debug\graph_cut.lib" /MACHINE:X86 Debug\Basics2D.obj
         Debug\cs1037lib.obj
         Debug\Graph2D.obj
         Debug\main.obj
         Debug\graph.obj
         Debug\maxflow.obj
         graph_cut.vcxproj -> C:\Workspaces\Images\graph_cut\Debug\graph_cut.exe
     1>Done Building Project "C:\Workspaces\Images\graph_cut\graph_cut.vcxproj" (Build target(s)).

Build succeeded.

Time Elapsed 00:00:01.66
